<?xml version="1.0" encoding="UTF-8"?>
<!-- Generated by org.testng.reporters.JUnitReportReporter -->
<testsuite skipped="0" hostname="LAPTOP-IVDTKOOS" name="testCases.RewardsTest" tests="1" failures="0" timestamp="2022-06-12T01:05:08 IST" time="20.158" errors="0">
  <testcase name="newlyCreatedRewardPresentInListTest" time="20.158" classname="testCases.RewardsTest"/>
  <system-out/>
</testsuite> <!-- testCases.RewardsTest -->
