<?xml version="1.0" encoding="UTF-8"?>
<!-- Generated by org.testng.reporters.JUnitReportReporter -->
<testsuite skipped="0" hostname="LAPTOP-IVDTKOOS" name="testCases.OverviewTest" tests="1" failures="0" timestamp="2022-06-13T14:26:53 IST" time="13.322" errors="0">
  <testcase name="VerifyNonAuthorizedUserShouldNotHaveAccessToRewardDetailPageTest" time="13.322" classname="testCases.OverviewTest"/>
  <system-out/>
</testsuite> <!-- testCases.OverviewTest -->
