<?xml version="1.0" encoding="UTF-8"?>
<!-- Generated by org.testng.reporters.JUnitReportReporter -->
<testsuite skipped="0" hostname="LAPTOP-IVDTKOOS" name="testCases.BulkActionsTest" tests="1" failures="0" timestamp="2022-06-13T16:29:52 IST" time="43.740" errors="0">
  <testcase name="verifyEachFileShouldBeTiedToOneActionTest" time="43.740" classname="testCases.BulkActionsTest"/>
  <system-out/>
</testsuite> <!-- testCases.BulkActionsTest -->
