<?xml version="1.0" encoding="UTF-8"?>
<!-- Generated by org.testng.reporters.JUnitReportReporter -->
<testsuite skipped="0" hostname="LAPTOP-IVDTKOOS" name="testCases.RewardModeratorTest" tests="1" failures="0" timestamp="2022-06-10T23:18:25 IST" time="20.973" errors="0">
  <testcase name="test" time="20.973" classname="testCases.RewardModeratorTest"/>
  <system-out/>
</testsuite> <!-- testCases.RewardModeratorTest -->
