<?xml version="1.0" encoding="UTF-8"?>
<!-- Generated by org.testng.reporters.JUnitReportReporter -->
<testsuite skipped="0" hostname="LAPTOP-IVDTKOOS" name="testCases.RewardsTest" tests="2" failures="0" timestamp="2022-06-12T03:05:02 IST" time="28.916" errors="0">
  <testcase name="verifyClickingCreateNewButtonLeadsToRewardCreationPageTest" time="10.008" classname="testCases.RewardsTest"/>
  <system-out/>
  <testcase name="newlyCreatedRewardPresentInListTest" time="18.908" classname="testCases.RewardsTest"/>
  <system-out/>
</testsuite> <!-- testCases.RewardsTest -->
