<?xml version="1.0" encoding="UTF-8"?>
<!-- Generated by org.testng.reporters.JUnitReportReporter -->
<testsuite skipped="0" hostname="LAPTOP-IVDTKOOS" name="testCases.RewardsTest" tests="2" failures="0" timestamp="2022-06-13T17:49:57 IST" time="31.440" errors="0">
  <testcase name="verifyClickingCreateNewButtonLeadsToRewardCreationPageTest" time="10.773" classname="testCases.RewardsTest"/>
  <system-out/>
  <testcase name="newlyCreatedRewardPresentInListTest" time="20.667" classname="testCases.RewardsTest"/>
  <system-out/>
</testsuite> <!-- testCases.RewardsTest -->
