<?xml version="1.0" encoding="UTF-8"?>
<!-- Generated by org.testng.reporters.JUnitReportReporter -->
<testsuite skipped="0" hostname="LAPTOP-IVDTKOOS" name="testCases.OverviewTest" tests="3" failures="0" timestamp="2022-06-12T03:05:02 IST" time="123.424" errors="0">
  <testcase name="verifyRewardAdminHasSufficientPermissionToCreateRewardTest" time="7.822" classname="testCases.OverviewTest"/>
  <system-out/>
  <testcase name="verifyRewardAdminDoesNotHaveAccessToOtherSectionsTest" time="106.993" classname="testCases.OverviewTest"/>
  <system-out/>
  <testcase name="verifyAdminHasSufficientPermissionToVisitBulkFileUploadPage" time="8.609" classname="testCases.OverviewTest"/>
  <system-out/>
</testsuite> <!-- testCases.OverviewTest -->
