<?xml version="1.0" encoding="UTF-8"?>
<!-- Generated by org.testng.reporters.JUnitReportReporter -->
<testsuite skipped="0" hostname="LAPTOP-IVDTKOOS" name="testCases.OverviewTest" tests="4" failures="0" timestamp="2022-06-13T17:49:57 IST" time="187.647" errors="0">
  <testcase name="verifyRewardAdminHasSufficientPermissionToCreateRewardTest" time="7.367" classname="testCases.OverviewTest"/>
  <system-out/>
  <testcase name="verifyAdminHasSufficientPermissionToVisitBulkFileUploadPage" time="8.202" classname="testCases.OverviewTest"/>
  <system-out/>
  <testcase name="VerifyNonAuthorizedUserShouldNotHaveAccessToRewardDetailPageTest" time="9.841" classname="testCases.OverviewTest"/>
  <system-out/>
  <testcase name="verifyRewardAdminDoesNotHaveAccessToOtherSectionsTest" time="162.237" classname="testCases.OverviewTest"/>
  <system-out/>
</testsuite> <!-- testCases.OverviewTest -->
